<?xml version="1.0" encoding="UTF-8"?>
<!-- Generated by org.testng.reporters.JUnitXMLReporter -->
<testsuite ignored="0" hostname="WS0383" failures="1" tests="1" name="Default test" time="0.375" errors="0" timestamp="2024-04-15T10:19:14 ICT">
  <testcase classname="io.cucumber.testng.AbstractTestNGCucumberTests" name="runScenario" time="0.104">
    <failure type="io.cucumber.java.PendingException" message="TODO: implement me">
      <![CDATA[io.cucumber.java.PendingException: TODO: implement me
at StepDefinitions.StepDefinition.i_want_to_write_a_step_with_precondition(StepDefinition.java:12)
at âœ½.I want to write a step with precondition(file:///D:/eclipseworkspace/project1/src/test/java/feature/func1.feature:7)
]]>
    </failure>
  </testcase> <!-- runScenario -->
</testsuite> <!-- Default test -->
