<?xml version="1.0" encoding="UTF-8"?>
<!-- Generated by org.testng.reporters.JUnitReportReporter -->
<testsuite hostname="WS0383" failures="0" tests="1" name="cumcumberOptions.TestNGRunner" time="0.104" errors="1" timestamp="2024-04-15T10:19:14 ICT" skipped="0">
  <testcase classname="cumcumberOptions.TestNGRunner" name="runScenario" time="0.104">
    <error message="TODO: implement me" type="io.cucumber.java.PendingException">
      <![CDATA[io.cucumber.java.PendingException: TODO: implement me
at StepDefinitions.StepDefinition.i_want_to_write_a_step_with_precondition(StepDefinition.java:12)
at âœ½.I want to write a step with precondition(file:///D:/eclipseworkspace/project1/src/test/java/feature/func1.feature:7)
]]>
    </error>
  </testcase> <!-- runScenario -->
</testsuite> <!-- cumcumberOptions.TestNGRunner -->
